[2025-08-22 17:45:32,822: INFO: common: yaml file: config/config.yaml loaded successfully]
[2025-08-22 17:48:28,349: INFO: common: yaml file: config/config.yaml loaded successfully]
[2025-08-22 17:48:28,355: INFO: common: yaml file: params.yaml loaded successfully]
[2025-08-22 17:48:28,356: INFO: common: created directory at: artifacts]
[2025-08-22 17:48:28,357: INFO: common: created directory at: artifacts/data_ingestion]
[2025-08-22 17:48:42,132: INFO: common: yaml file: config/config.yaml loaded successfully]
[2025-08-22 17:48:42,137: INFO: common: yaml file: params.yaml loaded successfully]
[2025-08-22 17:48:42,138: INFO: common: created directory at: artifacts]
[2025-08-22 17:48:42,139: INFO: common: created directory at: artifacts/data_ingestion]
[2025-08-22 17:49:43,848: INFO: common: yaml file: config/config.yaml loaded successfully]
[2025-08-22 17:49:43,851: INFO: common: yaml file: params.yaml loaded successfully]
[2025-08-22 17:49:43,852: INFO: common: created directory at: artifacts]
[2025-08-22 17:49:43,853: INFO: common: created directory at: artifacts/data_ingestion]
[2025-08-22 17:49:44,965: INFO: 2293009439: File is downloaded]
[2025-08-22 17:50:56,481: INFO: common: yaml file: config/config.yaml loaded successfully]
[2025-08-22 17:50:56,483: INFO: common: yaml file: params.yaml loaded successfully]
[2025-08-22 17:50:56,484: INFO: common: created directory at: artifacts]
[2025-08-22 17:50:56,485: INFO: common: created directory at: artifacts/data_transformation]
[2025-08-22 17:52:44,695: INFO: common: yaml file: config/config.yaml loaded successfully]
[2025-08-22 17:52:44,705: INFO: common: yaml file: params.yaml loaded successfully]
[2025-08-22 17:52:44,706: INFO: common: created directory at: artifacts]
[2025-08-22 17:52:44,710: INFO: common: created directory at: artifacts/model_trainer]
[2025-08-22 18:29:08,647: INFO: common: yaml file: config/config.yaml loaded successfully]
[2025-08-22 18:29:08,649: INFO: common: yaml file: params.yaml loaded successfully]
[2025-08-22 18:29:08,652: INFO: common: created directory at: artifacts]
[2025-08-22 18:29:08,654: INFO: common: created directory at: artifacts/data_ingestion]
[2025-08-22 18:29:08,655: INFO: 2293009439: File already exits]
[2025-08-22 18:30:21,705: INFO: common: yaml file: config/config.yaml loaded successfully]
[2025-08-22 18:30:21,710: INFO: common: yaml file: params.yaml loaded successfully]
[2025-08-22 18:30:21,711: INFO: common: created directory at: artifacts]
[2025-08-22 18:30:21,712: INFO: common: created directory at: artifacts/data_transformation]
[2025-08-22 18:31:24,852: INFO: common: yaml file: config/config.yaml loaded successfully]
[2025-08-22 18:31:24,856: INFO: common: yaml file: params.yaml loaded successfully]
[2025-08-22 18:31:24,859: INFO: common: created directory at: artifacts]
[2025-08-22 18:31:24,866: INFO: common: created directory at: artifacts/model_evaluation]
[2025-08-22 18:34:13,843: INFO: common: yaml file: config/config.yaml loaded successfully]
[2025-08-22 18:34:13,850: INFO: common: yaml file: params.yaml loaded successfully]
[2025-08-22 18:34:13,851: INFO: common: created directory at: artifacts]
[2025-08-22 18:34:13,852: INFO: common: created directory at: artifacts/model_trainer]
[2025-08-22 18:41:09,599: INFO: common: yaml file: config/config.yaml loaded successfully]
[2025-08-22 18:41:09,606: INFO: common: yaml file: params.yaml loaded successfully]
[2025-08-22 18:41:09,607: INFO: common: created directory at: artifacts]
[2025-08-22 18:41:09,609: INFO: common: created directory at: artifacts/data_ingestion]
[2025-08-22 18:41:09,610: INFO: 2293009439: File already exits]
[2025-08-22 18:43:24,158: INFO: common: yaml file: config/config.yaml loaded successfully]
[2025-08-22 18:43:24,162: INFO: common: yaml file: params.yaml loaded successfully]
[2025-08-22 18:43:24,163: INFO: common: created directory at: artifacts]
[2025-08-22 18:43:24,164: INFO: common: created directory at: artifacts/data_transformation]
[2025-08-22 18:48:54,078: INFO: common: yaml file: config/config.yaml loaded successfully]
[2025-08-22 18:48:54,081: INFO: common: yaml file: params.yaml loaded successfully]
[2025-08-22 18:48:54,082: INFO: common: created directory at: artifacts]
[2025-08-22 18:48:54,083: INFO: common: created directory at: artifacts/model_trainer]
